<?xml version="1.0" encoding="utf-8"?><testsuites name="pytest tests"><testsuite name="pytest" errors="0" failures="0" skipped="0" tests="9" time="2.530" timestamp="2026-03-23T00:59:14.580992+00:00" hostname="agent-env-541593cc-ab00-4e8a-b280-3cfdd02b7dfd"><testcase classname="backend.tests.test_password_reset.TestForgotPasswordFlow" name="test_forgot_password_existing_email" time="0.593" /><testcase classname="backend.tests.test_password_reset.TestForgotPasswordFlow" name="test_forgot_password_nonexistent_email" time="0.125" /><testcase classname="backend.tests.test_password_reset.TestForgotPasswordFlow" name="test_forgot_password_invalid_email_format" time="0.099" /><testcase classname="backend.tests.test_password_reset.TestForgotPasswordFlow" name="test_verify_reset_token_invalid" time="0.093" /><testcase classname="backend.tests.test_password_reset.TestForgotPasswordFlow" name="test_verify_reset_token_empty" time="0.116" /><testcase classname="backend.tests.test_password_reset.TestForgotPasswordFlow" name="test_reset_password_invalid_token" time="0.092" /><testcase classname="backend.tests.test_password_reset.TestForgotPasswordFlow" name="test_reset_password_short_password" time="0.095" /><testcase classname="backend.tests.test_password_reset.TestPasswordResetEndToEnd" name="test_complete_password_reset_flow" time="1.059" /><testcase classname="backend.tests.test_password_reset.TestExistingUserPasswordReset" name="test_forgot_password_testuser" time="0.096" /></testsuite></testsuites>