<?xml version="1.0" encoding="utf-8"?><testsuites name="pytest tests"><testsuite name="pytest" errors="0" failures="0" skipped="1" tests="19" time="8.413" timestamp="2026-03-22T20:56:02.443717+00:00" hostname="agent-env-500dcc83-7d4f-48bd-9748-bfd5a31d03d1"><testcase classname="backend.tests.test_auditly_api.TestHealthEndpoint" name="test_health_check" time="1.264" /><testcase classname="backend.tests.test_auditly_api.TestAuthEndpoints" name="test_signup_new_user" time="0.380" /><testcase classname="backend.tests.test_auditly_api.TestAuthEndpoints" name="test_signup_duplicate_email" time="0.107" /><testcase classname="backend.tests.test_auditly_api.TestAuthEndpoints" name="test_login_existing_user" time="0.391" /><testcase classname="backend.tests.test_auditly_api.TestAuthEndpoints" name="test_login_invalid_credentials" time="0.341" /><testcase classname="backend.tests.test_auditly_api.TestAuthEndpoints" name="test_login_nonexistent_user" time="0.097" /><testcase classname="backend.tests.test_auditly_api.TestAuthEndpoints" name="test_get_user_profile" time="0.419" /><testcase classname="backend.tests.test_auditly_api.TestAuthEndpoints" name="test_get_profile_without_token" time="0.078" /><testcase classname="backend.tests.test_auditly_api.TestAuthEndpoints" name="test_get_profile_invalid_token" time="0.107" /><testcase classname="backend.tests.test_auditly_api.TestScanEndpoints" name="test_create_scan" time="0.439" /><testcase classname="backend.tests.test_auditly_api.TestScanEndpoints" name="test_get_user_scans" time="0.773" /><testcase classname="backend.tests.test_auditly_api.TestScanEndpoints" name="test_get_scan_by_id" time="0.568"><skipped type="pytest.skip" message="Could not create scan for get test">/app/backend/tests/test_auditly_api.py:215: Could not create scan for get test</skipped></testcase><testcase classname="backend.tests.test_auditly_api.TestScanEndpoints" name="test_get_nonexistent_scan" time="0.579" /><testcase classname="backend.tests.test_auditly_api.TestScanEndpoints" name="test_create_scan_without_auth" time="0.466" /><testcase classname="backend.tests.test_auditly_api.TestScanEndpoints" name="test_create_scan_invalid_url" time="0.425" /><testcase classname="backend.tests.test_auditly_api.TestSubscriptionEndpoints" name="test_create_checkout_session" time="0.447" /><testcase classname="backend.tests.test_auditly_api.TestSubscriptionEndpoints" name="test_checkout_without_auth" time="0.401" /><testcase classname="backend.tests.test_auditly_api.TestExportEndpoints" name="test_export_json" time="0.537" /><testcase classname="backend.tests.test_auditly_api.TestExportEndpoints" name="test_export_nonexistent_scan" time="0.427" /></testsuite></testsuites>