<?xml version="1.0" encoding="utf-8"?><testsuites name="pytest tests"><testsuite name="pytest" errors="0" failures="0" skipped="0" tests="6" time="2.318" timestamp="2026-08-09T20:23:31.777799+00:00" hostname="agent-env-541593cc-ab00-4e8a-b280-3cfdd02b7dfd"><testcase classname="backend.tests.test_scheduled_scans_notifications" name="test_limits_info" time="0.512" /><testcase classname="backend.tests.test_scheduled_scans_notifications" name="test_get_scheduled_scans" time="0.129" /><testcase classname="backend.tests.test_scheduled_scans_notifications" name="test_scheduled_scan_lifecycle" time="1.065" /><testcase classname="backend.tests.test_scheduled_scans_notifications" name="test_notifications_endpoints" time="0.313" /><testcase classname="backend.tests.test_scheduled_scans_notifications" name="test_scheduled_scans_requires_auth" time="0.077" /><testcase classname="backend.tests.test_scheduled_scans_notifications" name="test_notifications_requires_auth" time="0.084" /></testsuite></testsuites>